02/03/2022 13:51:52.631 IST INFO  (report.Reporter:>>>startTestCase:[26])  Execution of Test Case ::*** Test Class Test started ***  has started
----------------------------------------------------------------
02/03/2022 13:51:53.082 IST INFO  (report.Reporter:>>>onTestStart:[93]) **************************** Running Test Method feature()  ****************************
----------------------------------------------------------------
02/03/2022 13:51:59.841 IST INFO  (report.Reporter:>>>pass:[45]) Get Brower Details
----------------------------------------------------------------
02/03/2022 13:51:59.853 IST INFO  (report.Reporter:>>>pass:[45]) WINDOWS
----------------------------------------------------------------
02/03/2022 13:51:59.854 IST INFO  (report.Reporter:>>>pass:[45]) 97.0.4692.99
----------------------------------------------------------------
02/03/2022 13:51:59.854 IST INFO  (report.Reporter:>>>pass:[45]) OS = WINDOWS, Browser = chrome 97.0.4692.99
----------------------------------------------------------------
02/03/2022 13:52:08.658 IST INFO  (report.Reporter:>>>pass:[45]) Get Page title :: Create your account - Place City Council
----------------------------------------------------------------
02/03/2022 13:52:11.506 IST INFO  (report.Reporter:>>>pass:[45]) Get Page title :: Create your account - Place City Council
----------------------------------------------------------------
02/03/2022 13:52:11.760 IST INFO  (report.Reporter:>>>pass:[45]) Entered Test Data test_csa_user1@yopmail.com
----------------------------------------------------------------
02/03/2022 13:52:11.998 IST INFO  (report.Reporter:>>>pass:[45]) Entered password ************ 
----------------------------------------------------------------
02/03/2022 13:52:16.559 IST INFO  (report.Reporter:>>>pass:[45]) Get Page title :: Dashboard - Place City Council
----------------------------------------------------------------
02/03/2022 13:52:16.567 IST INFO  (report.Reporter:>>>pass:[45]) Get Page title :: Dashboard - Place City Council
----------------------------------------------------------------
02/03/2022 13:52:16.721 IST INFO  (report.Reporter:>>>onTestSuccess:[102]) **************************** Executed feature() Test successfully finished ****************************
----------------------------------------------------------------
02/03/2022 13:52:16.875 IST INFO  (report.Reporter:>>>endTestCase:[30]) Execution of Test Case :: *** Test Class Test ending *** has ended
----------------------------------------------------------------
02/03/2022 13:55:53.937 IST INFO  (report.Reporter:>>>startTestCase:[26])  Execution of Test Case ::*** Test Class Test started ***  has started
----------------------------------------------------------------
02/03/2022 13:55:54.278 IST INFO  (report.Reporter:>>>onTestStart:[93]) **************************** Running Test Method feature()  ****************************
----------------------------------------------------------------
02/03/2022 13:56:08.259 IST INFO  (report.Reporter:>>>onTestStart:[93]) **************************** Running Test Method feature()  ****************************
----------------------------------------------------------------
02/03/2022 13:56:18.997 IST INFO  (report.Reporter:>>>pass:[45]) Get Brower Details
----------------------------------------------------------------
02/03/2022 13:56:19.003 IST INFO  (report.Reporter:>>>pass:[45]) WINDOWS
----------------------------------------------------------------
02/03/2022 13:56:19.003 IST INFO  (report.Reporter:>>>pass:[45]) 97.0.4692.99
----------------------------------------------------------------
02/03/2022 13:56:19.003 IST INFO  (report.Reporter:>>>pass:[45]) OS = WINDOWS, Browser = chrome 97.0.4692.99
----------------------------------------------------------------
02/03/2022 13:56:45.986 IST INFO  (report.Reporter:>>>pass:[45]) Get Page title :: Create your account - Place City Council
----------------------------------------------------------------
02/03/2022 13:58:05.887 IST INFO  (report.Reporter:>>>pass:[45]) Get Page title :: Create your account - Place City Council
----------------------------------------------------------------
02/03/2022 13:58:37.175 IST INFO  (report.Reporter:>>>pass:[45]) Entered Test Data test_csa_user1@yopmail.com
----------------------------------------------------------------
02/03/2022 13:58:37.436 IST INFO  (report.Reporter:>>>pass:[45]) Entered password ************ 
----------------------------------------------------------------
02/03/2022 13:58:49.600 IST INFO  (report.Reporter:>>>pass:[45]) Get Page title :: Dashboard - Place City Council
----------------------------------------------------------------
02/03/2022 13:59:04.057 IST INFO  (report.Reporter:>>>pass:[45]) Get Page title :: Dashboard - Place City Council
----------------------------------------------------------------
02/03/2022 13:59:04.248 IST INFO  (report.Reporter:>>>onTestSuccess:[102]) **************************** Executed feature() Test successfully finished ****************************
----------------------------------------------------------------
02/03/2022 13:59:04.437 IST INFO  (report.Reporter:>>>endTestCase:[30]) Execution of Test Case :: *** Test Class Test ending *** has ended
----------------------------------------------------------------
02/03/2022 14:00:02.330 IST INFO  (report.Reporter:>>>pass:[45]) Get Brower Details
----------------------------------------------------------------
02/03/2022 14:00:02.350 IST INFO  (report.Reporter:>>>pass:[45]) WINDOWS
----------------------------------------------------------------
02/03/2022 14:00:02.350 IST INFO  (report.Reporter:>>>pass:[45]) 97.0.4692.99
----------------------------------------------------------------
02/03/2022 14:00:02.350 IST INFO  (report.Reporter:>>>pass:[45]) OS = WINDOWS, Browser = chrome 97.0.4692.99
----------------------------------------------------------------
02/03/2022 14:00:11.166 IST INFO  (report.Reporter:>>>pass:[45]) Get Page title :: Create your account - Place City Council
----------------------------------------------------------------
02/03/2022 14:00:14.043 IST INFO  (report.Reporter:>>>pass:[45]) Get Page title :: Create your account - Place City Council
----------------------------------------------------------------
02/03/2022 14:00:14.376 IST INFO  (report.Reporter:>>>pass:[45]) Entered Test Data test_csa_user1@yopmail.com
----------------------------------------------------------------
02/03/2022 14:00:14.595 IST INFO  (report.Reporter:>>>pass:[45]) Entered password ************ 
----------------------------------------------------------------
02/03/2022 14:00:18.908 IST INFO  (report.Reporter:>>>pass:[45]) Get Page title :: Dashboard - Place City Council
----------------------------------------------------------------
02/03/2022 14:00:18.916 IST INFO  (report.Reporter:>>>pass:[45]) Get Page title :: Dashboard - Place City Council
----------------------------------------------------------------
02/03/2022 15:47:29.869 IST INFO  (report.Reporter:>>>startTestCase:[26])  Execution of Test Case ::*** Test Class Test started ***  has started
----------------------------------------------------------------
02/03/2022 15:47:30.207 IST INFO  (report.Reporter:>>>onTestStart:[93]) **************************** Running Test Method feature()  ****************************
----------------------------------------------------------------
02/03/2022 15:47:30.536 IST INFO  (report.Reporter:>>>onTestFailure:[116]) **************************** Test Method feature() successfully finished  ****************************
----------------------------------------------------------------
02/03/2022 15:47:30.537 IST ERROR (report.Reporter:>>>onTestFailure:[119]) conclusion  >>>>>  cucumber.runtime.CucumberException: java.lang.ExceptionInInitializerError
----------------------------------------------------------------
02/03/2022 15:47:30.716 IST INFO  (report.Reporter:>>>endTestCase:[30]) Execution of Test Case :: *** Test Class Test ending *** has ended
----------------------------------------------------------------
